android/V4.3.6_08.09/zhisland/build/outputs/logs/manifest-merger-mock-debug-report.txt
-- Merging decision tree log ---
manifest
ADDED from src/main/AndroidManifest.xml:2:1-500:12
	package
		ADDED from src/main/AndroidManifest.xml:4:11-46
		INJECTED from src/main/AndroidManifest.xml
		INJECTED from src/main/AndroidManifest.xml
	android:versionName
		ADDED from src/main/AndroidManifest.xml:6:11-38
		INJECTED from src/main/AndroidManifest.xml
		INJECTED from src/main/AndroidManifest.xml
	xmlns:tools
		ADDED from src/main/AndroidManifest.xml:3:11-57
	android:versionCode
		ADDED from src/main/AndroidManifest.xml:5:11-35
		INJECTED from src/main/AndroidManifest.xml
		INJECTED from src/main/AndroidManifest.xml
	xmlns:android
		ADDED from src/main/AndroidManifest.xml:2:11-69
permission#com.zhisland.im.BEEM_SERVICE
ADDED from src/main/AndroidManifest.xml:9:5-14:46
	android:label
		ADDED from src/main/AndroidManifest.xml:12:9-36
	android:protectionLevel
		ADDED from src/main/AndroidManifest.xml:14:9-44
	android:permissionGroup
		ADDED from src/main/AndroidManifest.xml:13:9-67
	android:description
		ADDED from src/main/AndroidManifest.xml:11:9-61
	android:name
		ADDED from src/main/AndroidManifest.xml:10:9-52
uses-sdk
ADDED from src/main/AndroidManifest.xml:16:5-18:40
MERGED from [com.android.support:multidex:1.0.1] AndroidManifest.xml:18:5-42
MERGED from [V4.3.6_08.09:zhim_lib:unspecified] AndroidManifest.xml:8:5-10:41
MERGED from [V4.3.6_08.09:zhlib:unspecified] AndroidManifest.xml:7:5-9:41
MERGED from [com.android.support:support-v4:23.3.0] AndroidManifest.xml:20:5-43
MERGED from [V4.3.6_08.09:pulllib:unspecified] AndroidManifest.xml:7:5-43
MERGED from [me.imid.swipebacklayout.lib:library:1.0.0] AndroidManifest.xml:7:5-9:41
MERGED from [com.android.support:support-v4:23.3.0] AndroidManifest.xml:20:5-43
MERGED from [com.trello:rxlifecycle:0.6.1] AndroidManifest.xml:17:5-44
MERGED from [com.jakewharton.rxbinding:rxbinding:0.4.0] AndroidManifest.xml:6:5-44
MERGED from [io.reactivex:rxandroid:1.1.0] AndroidManifest.xml:19:5-43
MERGED from [com.android.support:multidex:1.0.1] AndroidManifest.xml:18:5-42
	android:targetSdkVersion
		ADDED from src/main/AndroidManifest.xml:18:9-38
		INJECTED from src/main/AndroidManifest.xml
		INJECTED from src/main/AndroidManifest.xml
	android:minSdkVersion
		ADDED from src/main/AndroidManifest.xml:17:9-35
		INJECTED from src/main/AndroidManifest.xml
		INJECTED from src/main/AndroidManifest.xml
uses-permission#android.permission.ACCESS_WIFI_STATE
ADDED from src/main/AndroidManifest.xml:20:5-22:34
	android:required
		ADDED from src/main/AndroidManifest.xml:22:9-32
	android:name
		ADDED from src/main/AndroidManifest.xml:21:9-60
uses-permission#android.permission.CHANGE_WIFI_STATE
ADDED from src/main/AndroidManifest.xml:23:5-25:34
	android:required
		ADDED from src/main/AndroidManifest.xml:25:9-32
	android:name
		ADDED from src/main/AndroidManifest.xml:24:9-60
uses-permission#android.permission.INTERNET
ADDED from src/main/AndroidManifest.xml:26:5-28:34
	android:required
		ADDED from src/main/AndroidManifest.xml:28:9-32
	android:name
		ADDED from src/main/AndroidManifest.xml:27:9-51
uses-permission#android.permission.ACCESS_NETWORK_STATE
ADDED from src/main/AndroidManifest.xml:29:5-78
	android:name
		ADDED from src/main/AndroidManifest.xml:29:22-76
uses-permission#android.permission.CALL_PHONE
ADDED from src/main/AndroidManifest.xml:30:5-68
	android:name
		ADDED from src/main/AndroidManifest.xml:30:22-66
uses-permission#android.permission.MOUNT_UNMOUNT_FILESYSTEMS
ADDED from src/main/AndroidManifest.xml:31:5-83
	android:name
		ADDED from src/main/AndroidManifest.xml:31:22-81
uses-permission#android.permission.READ_EXTERNAL_STORAGE
ADDED from src/main/AndroidManifest.xml:32:5-79
	android:name
		ADDED from src/main/AndroidManifest.xml:32:22-77
uses-permission#android.permission.WRITE_EXTERNAL_STORAGE
ADDED from src/main/AndroidManifest.xml:33:5-80
	android:name
		ADDED from src/main/AndroidManifest.xml:33:22-78
uses-permission#android.permission.RECEIVE_BOOT_COMPLETED
ADDED from src/main/AndroidManifest.xml:34:5-80
	android:name
		ADDED from src/main/AndroidManifest.xml:34:22-78
uses-permission#android.permission.CHANGE_NETWORK_STATE
ADDED from src/main/AndroidManifest.xml:35:5-78
	android:name
		ADDED from src/main/AndroidManifest.xml:35:22-76
uses-permission#android.permission.READ_PHONE_STATE
ADDED from src/main/AndroidManifest.xml:36:5-74
	android:name
		ADDED from src/main/AndroidManifest.xml:36:22-72
uses-permission#android.permission.VIBRATE
ADDED from src/main/AndroidManifest.xml:37:5-65
	android:name
		ADDED from src/main/AndroidManifest.xml:37:22-63
uses-permission#android.permission.SEND_SMS
ADDED from src/main/AndroidManifest.xml:38:5-66
	android:name
		ADDED from src/main/AndroidManifest.xml:38:22-64
uses-permission#android.permission.MANAGE_ACCOUNTS
ADDED from src/main/AndroidManifest.xml:39:5-73
	android:name
		ADDED from src/main/AndroidManifest.xml:39:22-71
uses-permission#android.permission.GET_ACCOUNTS
ADDED from src/main/AndroidManifest.xml:40:5-70
	android:name
		ADDED from src/main/AndroidManifest.xml:40:22-68
uses-permission#android.permission.READ_LOGS
ADDED from src/main/AndroidManifest.xml:41:5-67
	android:name
		ADDED from src/main/AndroidManifest.xml:41:22-65
uses-permission#android.permission.READ_CONTACTS
ADDED from src/main/AndroidManifest.xml:42:5-71
	android:name
		ADDED from src/main/AndroidManifest.xml:42:22-69
uses-permission#android.permission.ACCESS_FINE_LOCATION
ADDED from src/main/AndroidManifest.xml:43:5-78
	android:name
		ADDED from src/main/AndroidManifest.xml:43:22-76
uses-permission#android.permission.ACCESS_COARSE_LOCATION
ADDED from src/main/AndroidManifest.xml:44:5-80
	android:name
		ADDED from src/main/AndroidManifest.xml:44:22-78
uses-permission#android.permission.RECORD_AUDIO
ADDED from src/main/AndroidManifest.xml:45:5-70
	android:name
		ADDED from src/main/AndroidManifest.xml:45:22-68
uses-permission#android.permission.RESTART_PACKAGES
ADDED from src/main/AndroidManifest.xml:46:5-74
	android:name
		ADDED from src/main/AndroidManifest.xml:46:22-72
uses-permission#android.permission.BROADCAST_STICKY
ADDED from src/main/AndroidManifest.xml:47:5-74
	android:name
		ADDED from src/main/AndroidManifest.xml:47:22-72
uses-permission#android.permission.WRITE_SETTINGS
ADDED from src/main/AndroidManifest.xml:48:5-72
	android:name
		ADDED from src/main/AndroidManifest.xml:48:22-70
uses-permission#android.permission.RECEIVE_USER_PRESENT
ADDED from src/main/AndroidManifest.xml:49:5-78
	android:name
		ADDED from src/main/AndroidManifest.xml:49:22-76
uses-permission#android.permission.WAKE_LOCK
ADDED from src/main/AndroidManifest.xml:50:5-67
	android:name
		ADDED from src/main/AndroidManifest.xml:50:22-65
uses-permission#android.permission.KILL_BACKGROUND_PROCESSES
ADDED from src/main/AndroidManifest.xml:51:5-83
	android:name
		ADDED from src/main/AndroidManifest.xml:51:22-81
uses-permission#android.permission.GET_TASKS
ADDED from src/main/AndroidManifest.xml:52:5-67
	android:name
		ADDED from src/main/AndroidManifest.xml:52:22-65
uses-permission#android.permission.BLUETOOTH
ADDED from src/main/AndroidManifest.xml:53:5-67
	android:name
		ADDED from src/main/AndroidManifest.xml:53:22-65
uses-permission#android.permission.BATTERY_STATS
ADDED from src/main/AndroidManifest.xml:54:5-71
	android:name
		ADDED from src/main/AndroidManifest.xml:54:22-69
uses-permission#com.zhisland.im.BEEM_SERVICE
ADDED from src/main/AndroidManifest.xml:56:5-67
	android:name
		ADDED from src/main/AndroidManifest.xml:56:22-65
uses-permission#android.permission.BLUETOOTH_ADMIN
ADDED from src/main/AndroidManifest.xml:60:5-73
	android:name
		ADDED from src/main/AndroidManifest.xml:60:22-71
uses-permission#android.permission.SYSTEM_ALERT_WINDOW
ADDED from src/main/AndroidManifest.xml:62:5-77
	android:name
		ADDED from src/main/AndroidManifest.xml:62:22-75
uses-permission#getui.permission.GetuiService.com.zhisland.android.blog
ADDED from src/main/AndroidManifest.xml:64:5-94
	android:name
		ADDED from src/main/AndroidManifest.xml:64:22-92
permission#getui.permission.GetuiService.com.zhisland.android.blog
ADDED from src/main/AndroidManifest.xml:66:5-69:18
	android:protectionLevel
		ADDED from src/main/AndroidManifest.xml:68:9-41
	android:name
		ADDED from src/main/AndroidManifest.xml:67:9-79
application
ADDED from src/main/AndroidManifest.xml:72:5-498:19
MERGED from [V4.3.6_08.09:zhim_lib:unspecified] AndroidManifest.xml:12:5-13:19
MERGED from [V4.3.6_08.09:zhlib:unspecified] AndroidManifest.xml:11:5-14:19
MERGED from [com.android.support:support-v4:23.3.0] AndroidManifest.xml:22:5-20
MERGED from [V4.3.6_08.09:pulllib:unspecified] AndroidManifest.xml:9:5-20
MERGED from [me.imid.swipebacklayout.lib:library:1.0.0] AndroidManifest.xml:11:5-20
MERGED from [com.android.support:support-v4:23.3.0] AndroidManifest.xml:22:5-20
	android:label
		ADDED from src/main/AndroidManifest.xml:76:9-41
	android:allowBackup
		ADDED from src/main/AndroidManifest.xml:74:9-35
	android:icon
		ADDED from src/main/AndroidManifest.xml:75:9-38
	android:largeHeap
		ADDED from src/main/AndroidManifest.xml:77:9-33
	android:theme
		ADDED from src/main/AndroidManifest.xml:78:9-37
		REJECTED from [V4.3.6_08.09:zhlib:unspecified] AndroidManifest.xml:13:9-40
	tools:replace
		ADDED from src/main/AndroidManifest.xml:79:9-51
	android:name
		ADDED from src/main/AndroidManifest.xml:73:9-55
meta-data#com.amap.api.v2.apikey
ADDED from src/main/AndroidManifest.xml:82:9-84:50
	android:value
		ADDED from src/main/AndroidManifest.xml:84:13-48
	android:name
		ADDED from src/main/AndroidManifest.xml:83:13-50
meta-data#UMENG_APPKEY
ADDED from src/main/AndroidManifest.xml:89:9-92:21
	android:value
		ADDED from src/main/AndroidManifest.xml:91:13-46
	android:name
		ADDED from src/main/AndroidManifest.xml:90:13-40
meta-data#UMENG_CHANNEL
ADDED from src/main/AndroidManifest.xml:93:9-96:21
	android:value
		ADDED from src/main/AndroidManifest.xml:95:13-37
	android:name
		ADDED from src/main/AndroidManifest.xml:94:13-41
activity#com.umeng.update.UpdateDialogActivity
ADDED from src/main/AndroidManifest.xml:98:9-101:20
	android:theme
		ADDED from src/main/AndroidManifest.xml:100:13-72
	android:name
		ADDED from src/main/AndroidManifest.xml:99:13-65
activity#cn.sharesdk.framework.ShareSDKUIShell
ADDED from src/main/AndroidManifest.xml:106:9-120:20
	android:screenOrientation
		ADDED from src/main/AndroidManifest.xml:109:13-49
	android:windowSoftInputMode
		ADDED from src/main/AndroidManifest.xml:111:13-67
	android:configChanges
		ADDED from src/main/AndroidManifest.xml:108:13-74
	android:theme
		ADDED from src/main/AndroidManifest.xml:110:13-72
	android:name
		ADDED from src/main/AndroidManifest.xml:107:13-65
intent-filter#android.intent.action.VIEW+android.intent.category.BROWSABLE+android.intent.category.DEFAULT
ADDED from src/main/AndroidManifest.xml:112:13-119:29
data
ADDED from src/main/AndroidManifest.xml:113:17-58
	android:scheme
		ADDED from src/main/AndroidManifest.xml:113:23-56
action#android.intent.action.VIEW
ADDED from src/main/AndroidManifest.xml:115:17-68
	android:name
		ADDED from src/main/AndroidManifest.xml:115:25-66
category#android.intent.category.BROWSABLE
ADDED from src/main/AndroidManifest.xml:117:17-77
	android:name
		ADDED from src/main/AndroidManifest.xml:117:27-75
category#android.intent.category.DEFAULT
ADDED from src/main/AndroidManifest.xml:118:17-75
	android:name
		ADDED from src/main/AndroidManifest.xml:118:27-73
activity#com.zhisland.android.blog.wxapi.WXEntryActivity
ADDED from src/main/AndroidManifest.xml:122:9-133:20
	android:screenOrientation
		ADDED from src/main/AndroidManifest.xml:126:13-49
	android:exported
		ADDED from src/main/AndroidManifest.xml:125:13-36
	android:configChanges
		ADDED from src/main/AndroidManifest.xml:124:13-74
	android:theme
		ADDED from src/main/AndroidManifest.xml:127:13-72
	android:name
		ADDED from src/main/AndroidManifest.xml:123:13-75
intent-filter#android.intent.action.VIEW+android.intent.category.DEFAULT
ADDED from src/main/AndroidManifest.xml:128:13-132:29
activity#com.zhisland.android.blog.wxapi.WXPayEntryActivity
ADDED from src/main/AndroidManifest.xml:135:9-146:20
	android:screenOrientation
		ADDED from src/main/AndroidManifest.xml:139:13-49
	android:exported
		ADDED from src/main/AndroidManifest.xml:138:13-36
	android:configChanges
		ADDED from src/main/AndroidManifest.xml:137:13-74
	android:theme
		ADDED from src/main/AndroidManifest.xml:140:13-72
	android:name
		ADDED from src/main/AndroidManifest.xml:136:13-78
receiver#com.zhisland.android.blog.wxapi.AppRegister
ADDED from src/main/AndroidManifest.xml:148:9-152:20
	android:name
		ADDED from src/main/AndroidManifest.xml:148:19-77
intent-filter#com.tencent.mm.plugin.openapi.Intent.ACTION_REFRESH_WXAPP
ADDED from src/main/AndroidManifest.xml:149:13-151:29
action#com.tencent.mm.plugin.openapi.Intent.ACTION_REFRESH_WXAPP
ADDED from src/main/AndroidManifest.xml:150:17-99
	android:name
		ADDED from src/main/AndroidManifest.xml:150:25-97
service#com.beem.project.beem.BeemService
ADDED from src/main/AndroidManifest.xml:159:9-168:19
	android:enabled
		ADDED from src/main/AndroidManifest.xml:161:13-35
	android:label
		ADDED from src/main/AndroidManifest.xml:162:13-41
	android:permission
		ADDED from src/main/AndroidManifest.xml:163:13-66
	android:name
		ADDED from src/main/AndroidManifest.xml:160:13-61
intent-filter#com.zhisland.people.BeemService
ADDED from src/main/AndroidManifest.xml:164:13-167:29
action#com.zhisland.people.BeemService
ADDED from src/main/AndroidManifest.xml:165:17-166:26
	android:name
		ADDED from src/main/AndroidManifest.xml:165:25-71
activity#com.zhisland.android.blog.im.controller.ActChat
ADDED from src/main/AndroidManifest.xml:170:9-173:62
	android:screenOrientation
		ADDED from src/main/AndroidManifest.xml:172:13-49
	android:windowSoftInputMode
		ADDED from src/main/AndroidManifest.xml:173:13-60
	android:name
		ADDED from src/main/AndroidManifest.xml:171:13-50
activity#com.zhisland.android.blog.common.base.CommonFragActivity
ADDED from src/main/AndroidManifest.xml:174:9-179:20
	android:screenOrientation
		ADDED from src/main/AndroidManifest.xml:177:13-49
	android:windowSoftInputMode
		ADDED from src/main/AndroidManifest.xml:178:13-67
	android:configChanges
		ADDED from src/main/AndroidManifest.xml:176:13-48
	android:name
		ADDED from src/main/AndroidManifest.xml:175:13-59
activity#com.zhisland.android.blog.profile.controller.detail.ActProfileDetail
ADDED from src/main/AndroidManifest.xml:180:9-184:20
	android:screenOrientation
		ADDED from src/main/AndroidManifest.xml:183:13-49
	android:configChanges
		ADDED from src/main/AndroidManifest.xml:182:13-48
	android:name
		ADDED from src/main/AndroidManifest.xml:181:13-71
activity#com.zhisland.android.blog.aa.controller.SplashActivity
ADDED from src/main/AndroidManifest.xml:185:9-197:20
	android:screenOrientation
		ADDED from src/main/AndroidManifest.xml:190:13-49
	android:label
		ADDED from src/main/AndroidManifest.xml:188:13-45
	android:launchMode
		ADDED from src/main/AndroidManifest.xml:189:13-43
	android:configChanges
		ADDED from src/main/AndroidManifest.xml:187:13-74
	android:theme
		ADDED from src/main/AndroidManifest.xml:191:13-72
	android:name
		ADDED from src/main/AndroidManifest.xml:186:13-57
intent-filter#android.intent.action.MAIN+android.intent.category.LAUNCHER
ADDED from src/main/AndroidManifest.xml:192:13-196:29
action#android.intent.action.MAIN
ADDED from src/main/AndroidManifest.xml:193:17-68
	android:name
		ADDED from src/main/AndroidManifest.xml:193:25-66
category#android.intent.category.LAUNCHER
ADDED from src/main/AndroidManifest.xml:195:17-76
	android:name
		ADDED from src/main/AndroidManifest.xml:195:27-74
activity#com.zhisland.android.blog.common.app.TabHome
ADDED from src/main/AndroidManifest.xml:198:9-204:20
	android:screenOrientation
		ADDED from src/main/AndroidManifest.xml:202:13-49
	android:launchMode
		ADDED from src/main/AndroidManifest.xml:201:13-43
	android:windowSoftInputMode
		ADDED from src/main/AndroidManifest.xml:203:13-52
	android:configChanges
		ADDED from src/main/AndroidManifest.xml:200:13-74
	android:name
		ADDED from src/main/AndroidManifest.xml:199:13-47
activity#com.zhisland.lib.image.viewer.FreeImageViewer
ADDED from src/main/AndroidManifest.xml:205:9-210:20
	android:screenOrientation
		ADDED from src/main/AndroidManifest.xml:209:13-49
	android:label
		ADDED from src/main/AndroidManifest.xml:208:13-45
	android:configChanges
		ADDED from src/main/AndroidManifest.xml:207:13-48
	android:name
		ADDED from src/main/AndroidManifest.xml:206:13-73
activity#com.zhisland.lib.image.MultiImgPickerActivity
ADDED from src/main/AndroidManifest.xml:211:9-216:20
	android:screenOrientation
		ADDED from src/main/AndroidManifest.xml:215:13-49
	android:label
		ADDED from src/main/AndroidManifest.xml:214:13-45
	android:configChanges
		ADDED from src/main/AndroidManifest.xml:213:13-48
	android:name
		ADDED from src/main/AndroidManifest.xml:212:13-73
activity#com.zhisland.android.blog.common.upapp.ActUpdateDialog
ADDED from src/main/AndroidManifest.xml:219:9-225:20
	android:screenOrientation
		ADDED from src/main/AndroidManifest.xml:223:13-49
	android:excludeFromRecents
		ADDED from src/main/AndroidManifest.xml:222:13-46
	android:configChanges
		ADDED from src/main/AndroidManifest.xml:221:13-48
	android:theme
		ADDED from src/main/AndroidManifest.xml:224:13-72
	android:name
		ADDED from src/main/AndroidManifest.xml:220:13-57
activity#com.zhisland.android.blog.event.controller.ActEventDetail
ADDED from src/main/AndroidManifest.xml:227:9-232:20
	android:screenOrientation
		ADDED from src/main/AndroidManifest.xml:230:13-49
	android:configChanges
		ADDED from src/main/AndroidManifest.xml:229:13-48
	android:name
		ADDED from src/main/AndroidManifest.xml:228:13-60
activity#com.zhisland.android.blog.event.controller.ActSignUpEvents
ADDED from src/main/AndroidManifest.xml:233:9-238:20
	android:screenOrientation
		ADDED from src/main/AndroidManifest.xml:236:13-49
	android:windowSoftInputMode
		ADDED from src/main/AndroidManifest.xml:237:13-67
	android:configChanges
		ADDED from src/main/AndroidManifest.xml:235:13-48
	android:name
		ADDED from src/main/AndroidManifest.xml:234:13-61
activity#com.zhisland.android.blog.event.controller.ActEventCreate
ADDED from src/main/AndroidManifest.xml:239:9-245:20
	android:screenOrientation
		ADDED from src/main/AndroidManifest.xml:242:13-49
	android:windowSoftInputMode
		ADDED from src/main/AndroidManifest.xml:244:13-55
	android:configChanges
		ADDED from src/main/AndroidManifest.xml:241:13-48
	android:theme
		ADDED from src/main/AndroidManifest.xml:243:13-53
	android:name
		ADDED from src/main/AndroidManifest.xml:240:13-60
activity#com.zhisland.android.blog.event.controller.ActEventCancelReasion
ADDED from src/main/AndroidManifest.xml:246:9-251:20
	android:screenOrientation
		ADDED from src/main/AndroidManifest.xml:249:13-49
	android:windowSoftInputMode
		ADDED from src/main/AndroidManifest.xml:250:13-67
	android:configChanges
		ADDED from src/main/AndroidManifest.xml:248:13-48
	android:name
		ADDED from src/main/AndroidManifest.xml:247:13-67
activity#com.zhisland.android.blog.profile.controller.ActProfileIntroduction
ADDED from src/main/AndroidManifest.xml:252:9-257:20
	android:screenOrientation
		ADDED from src/main/AndroidManifest.xml:255:13-49
	android:windowSoftInputMode
		ADDED from src/main/AndroidManifest.xml:256:13-64
	android:configChanges
		ADDED from src/main/AndroidManifest.xml:254:13-48
	android:name
		ADDED from src/main/AndroidManifest.xml:253:13-70
activity#com.zhisland.android.blog.profile.controller.ActSelTags
ADDED from src/main/AndroidManifest.xml:258:9-263:20
	android:screenOrientation
		ADDED from src/main/AndroidManifest.xml:261:13-49
	android:windowSoftInputMode
		ADDED from src/main/AndroidManifest.xml:262:13-64
	android:configChanges
		ADDED from src/main/AndroidManifest.xml:260:13-48
	android:name
		ADDED from src/main/AndroidManifest.xml:259:13-58
activity#com.zhisland.android.blog.contacts.controller.ActCard
ADDED from src/main/AndroidManifest.xml:264:9-269:20
	android:screenOrientation
		ADDED from src/main/AndroidManifest.xml:267:13-49
	android:windowSoftInputMode
		ADDED from src/main/AndroidManifest.xml:268:13-64
	android:configChanges
		ADDED from src/main/AndroidManifest.xml:266:13-48
	android:name
		ADDED from src/main/AndroidManifest.xml:265:13-56
activity#com.zhisland.android.blog.setting.controller.ActModifyPwd
ADDED from src/main/AndroidManifest.xml:270:9-275:20
	android:screenOrientation
		ADDED from src/main/AndroidManifest.xml:273:13-49
	android:windowSoftInputMode
		ADDED from src/main/AndroidManifest.xml:274:13-65
	android:configChanges
		ADDED from src/main/AndroidManifest.xml:272:13-48
	android:name
		ADDED from src/main/AndroidManifest.xml:271:13-60
activity#com.zhisland.android.blog.info.view.impl.ActInfoDetail
ADDED from src/main/AndroidManifest.xml:276:9-280:20
	android:screenOrientation
		ADDED from src/main/AndroidManifest.xml:279:13-49
	android:configChanges
		ADDED from src/main/AndroidManifest.xml:278:13-48
	android:name
		ADDED from src/main/AndroidManifest.xml:277:13-57
activity#com.zhisland.android.blog.info.view.impl.ActReportType
ADDED from src/main/AndroidManifest.xml:281:9-285:20
	android:screenOrientation
		ADDED from src/main/AndroidManifest.xml:284:13-49
	android:configChanges
		ADDED from src/main/AndroidManifest.xml:283:13-48
	android:name
		ADDED from src/main/AndroidManifest.xml:282:13-57
activity#com.zhisland.android.blog.profile.controller.position.ActUserCompany
ADDED from src/main/AndroidManifest.xml:286:9-291:20
	android:screenOrientation
		ADDED from src/main/AndroidManifest.xml:289:13-49
	android:windowSoftInputMode
		ADDED from src/main/AndroidManifest.xml:290:13-64
	android:configChanges
		ADDED from src/main/AndroidManifest.xml:288:13-48
	android:name
		ADDED from src/main/AndroidManifest.xml:287:13-71
activity#com.zhisland.android.blog.profile.controller.comment.ActUserCommentList
ADDED from src/main/AndroidManifest.xml:292:9-296:20
	android:screenOrientation
		ADDED from src/main/AndroidManifest.xml:295:13-49
	android:configChanges
		ADDED from src/main/AndroidManifest.xml:294:13-48
	android:name
		ADDED from src/main/AndroidManifest.xml:293:13-74
activity#com.zhisland.android.blog.profile.controller.comment.ActWriteUserComment
ADDED from src/main/AndroidManifest.xml:297:9-302:20
	android:screenOrientation
		ADDED from src/main/AndroidManifest.xml:300:13-49
	android:windowSoftInputMode
		ADDED from src/main/AndroidManifest.xml:301:13-65
	android:configChanges
		ADDED from src/main/AndroidManifest.xml:299:13-48
	android:name
		ADDED from src/main/AndroidManifest.xml:298:13-75
activity#com.zhisland.android.blog.profile.controller.position.ActCompanyDetail
ADDED from src/main/AndroidManifest.xml:303:9-308:20
	android:screenOrientation
		ADDED from src/main/AndroidManifest.xml:306:13-49
	android:windowSoftInputMode
		ADDED from src/main/AndroidManifest.xml:307:13-64
	android:configChanges
		ADDED from src/main/AndroidManifest.xml:305:13-48
	android:name
		ADDED from src/main/AndroidManifest.xml:304:13-73
activity#com.zhisland.android.blog.profile.controller.drip.ActUserDripList
ADDED from src/main/AndroidManifest.xml:309:9-314:20
	android:screenOrientation
		ADDED from src/main/AndroidManifest.xml:312:13-49
	android:windowSoftInputMode
		ADDED from src/main/AndroidManifest.xml:313:13-67
	android:configChanges
		ADDED from src/main/AndroidManifest.xml:311:13-48
	android:name
		ADDED from src/main/AndroidManifest.xml:310:13-68
activity#com.zhisland.android.blog.aa.controller.ActRegisterAndLogin
ADDED from src/main/AndroidManifest.xml:315:9-321:20
	android:screenOrientation
		ADDED from src/main/AndroidManifest.xml:319:13-49
	android:launchMode
		ADDED from src/main/AndroidManifest.xml:317:13-43
	android:windowSoftInputMode
		ADDED from src/main/AndroidManifest.xml:320:13-68
	android:configChanges
		ADDED from src/main/AndroidManifest.xml:318:13-48
	android:name
		ADDED from src/main/AndroidManifest.xml:316:13-62
activity#com.zhisland.android.blog.aa.controller.ActGuide
ADDED from src/main/AndroidManifest.xml:322:9-326:20
	android:screenOrientation
		ADDED from src/main/AndroidManifest.xml:325:13-49
	android:configChanges
		ADDED from src/main/AndroidManifest.xml:324:13-48
	android:name
		ADDED from src/main/AndroidManifest.xml:323:13-51
activity#com.zhisland.android.blog.contacts.controller.ActInviteFriend
ADDED from src/main/AndroidManifest.xml:327:9-331:15
	android:screenOrientation
		ADDED from src/main/AndroidManifest.xml:330:13-49
	android:configChanges
		ADDED from src/main/AndroidManifest.xml:329:13-48
	android:name
		ADDED from src/main/AndroidManifest.xml:328:13-64
activity#com.zhisland.android.blog.contacts.controller.ActGotoInvite
ADDED from src/main/AndroidManifest.xml:333:9-337:15
	android:screenOrientation
		ADDED from src/main/AndroidManifest.xml:336:13-49
	android:configChanges
		ADDED from src/main/AndroidManifest.xml:335:13-48
	android:name
		ADDED from src/main/AndroidManifest.xml:334:13-62
activity#com.zhisland.android.blog.find.controller.ActSearch
ADDED from src/main/AndroidManifest.xml:341:9-346:20
	android:screenOrientation
		ADDED from src/main/AndroidManifest.xml:344:13-49
	android:windowSoftInputMode
		ADDED from src/main/AndroidManifest.xml:345:13-52
	android:configChanges
		ADDED from src/main/AndroidManifest.xml:343:13-48
	android:name
		ADDED from src/main/AndroidManifest.xml:342:13-54
activity#com.zhisland.android.blog.find.controller.ActContactFriend
ADDED from src/main/AndroidManifest.xml:347:9-352:20
	android:screenOrientation
		ADDED from src/main/AndroidManifest.xml:350:13-49
	android:windowSoftInputMode
		ADDED from src/main/AndroidManifest.xml:351:13-67
	android:configChanges
		ADDED from src/main/AndroidManifest.xml:349:13-48
	android:name
		ADDED from src/main/AndroidManifest.xml:348:13-61
activity#com.zhisland.android.blog.find.controller.ActAllBoss
ADDED from src/main/AndroidManifest.xml:353:9-358:20
	android:screenOrientation
		ADDED from src/main/AndroidManifest.xml:356:13-49
	android:windowSoftInputMode
		ADDED from src/main/AndroidManifest.xml:357:13-67
	android:configChanges
		ADDED from src/main/AndroidManifest.xml:355:13-48
	android:name
		ADDED from src/main/AndroidManifest.xml:354:13-55
activity#com.zhisland.android.blog.find.controller.ActAllRes
ADDED from src/main/AndroidManifest.xml:359:9-364:20
	android:screenOrientation
		ADDED from src/main/AndroidManifest.xml:362:13-49
	android:windowSoftInputMode
		ADDED from src/main/AndroidManifest.xml:363:13-67
	android:configChanges
		ADDED from src/main/AndroidManifest.xml:361:13-48
	android:name
		ADDED from src/main/AndroidManifest.xml:360:13-54
activity#com.zhisland.android.blog.common.push.PushDispatchActivity
ADDED from src/main/AndroidManifest.xml:365:9-369:15
	android:screenOrientation
		ADDED from src/main/AndroidManifest.xml:368:13-49
	android:configChanges
		ADDED from src/main/AndroidManifest.xml:367:13-48
	android:name
		ADDED from src/main/AndroidManifest.xml:366:13-61
activity#com.zhisland.android.blog.common.uri.UriBrowseActivity
ADDED from src/main/AndroidManifest.xml:375:9-393:20
	android:excludeFromRecents
		ADDED from src/main/AndroidManifest.xml:377:13-46
	android:launchMode
		ADDED from src/main/AndroidManifest.xml:378:13-48
	android:noHistory
		ADDED from src/main/AndroidManifest.xml:379:13-37
	android:theme
		ADDED from src/main/AndroidManifest.xml:380:13-71
	android:name
		ADDED from src/main/AndroidManifest.xml:376:13-57
activity#com.zhisland.android.blog.common.webview.FragWebViewActivity
ADDED from src/main/AndroidManifest.xml:400:9-404:20
	android:screenOrientation
		ADDED from src/main/AndroidManifest.xml:403:13-49
	android:configChanges
		ADDED from src/main/AndroidManifest.xml:402:13-48
	android:name
		ADDED from src/main/AndroidManifest.xml:401:13-63
activity#com.zhisland.android.blog.common.view.select.FragSelectActivity
ADDED from src/main/AndroidManifest.xml:411:9-416:20
	android:screenOrientation
		ADDED from src/main/AndroidManifest.xml:414:13-49
	android:windowSoftInputMode
		ADDED from src/main/AndroidManifest.xml:415:13-60
	android:configChanges
		ADDED from src/main/AndroidManifest.xml:413:13-48
	android:name
		ADDED from src/main/AndroidManifest.xml:412:13-66
service#com.zhisland.lib.load.LoadService
ADDED from src/main/AndroidManifest.xml:422:9-68
	android:name
		ADDED from src/main/AndroidManifest.xml:422:18-66
meta-data#PUSH_APPID
ADDED from src/main/AndroidManifest.xml:430:9-432:50
	android:value
		ADDED from src/main/AndroidManifest.xml:432:13-48
	android:name
		ADDED from src/main/AndroidManifest.xml:431:13-38
meta-data#PUSH_APPKEY
ADDED from src/main/AndroidManifest.xml:433:9-435:51
	android:value
		ADDED from src/main/AndroidManifest.xml:435:13-49
	android:name
		ADDED from src/main/AndroidManifest.xml:434:13-39
meta-data#PUSH_APPSECRET
ADDED from src/main/AndroidManifest.xml:436:9-438:54
	android:value
		ADDED from src/main/AndroidManifest.xml:438:13-52
	android:name
		ADDED from src/main/AndroidManifest.xml:437:13-42
receiver#com.zhisland.android.blog.common.push.MessageReceiver
ADDED from src/main/AndroidManifest.xml:440:9-446:20
	android:exported
		ADDED from src/main/AndroidManifest.xml:442:13-37
	android:name
		ADDED from src/main/AndroidManifest.xml:441:13-56
intent-filter#com.igexin.sdk.action.SKD0wHTryd8zHOYuo98S9
ADDED from src/main/AndroidManifest.xml:443:13-445:29
action#com.igexin.sdk.action.SKD0wHTryd8zHOYuo98S9
ADDED from src/main/AndroidManifest.xml:444:17-85
	android:name
		ADDED from src/main/AndroidManifest.xml:444:25-83
service#com.igexin.sdk.PushService
ADDED from src/main/AndroidManifest.xml:448:9-452:45
	android:process
		ADDED from src/main/AndroidManifest.xml:452:13-43
	android:label
		ADDED from src/main/AndroidManifest.xml:451:13-47
	android:exported
		ADDED from src/main/AndroidManifest.xml:450:13-36
	android:name